Using pre-set license

 COMMAND LINE ARGUMENTS:
/Applications/Unity/Hub/Editor/2020.3.4f1/Unity.app/Contents/MacOS/Unity
-adb2
-batchMode
-noUpm
-name
AssetImportWorker0
-projectPath
/Users/csiddarth/Documents/ARFoundationShooterGame-Project-Files
-logFile
Logs/AssetImportWorker0.log
-srvPort
52419
Successfully changed project path to: /Users/csiddarth/Documents/ARFoundationShooterGame-Project-Files
/Users/csiddarth/Documents/ARFoundationShooterGame-Project-Files
Using Asset Import Pipeline V2.
Refreshing native plugins compatible for Editor in 26.01 ms, found 1 plugins.
Preloading 0 native plugins for Editor in 0.00 ms.
Initialize engine version: 2020.3.4f1 (0abb6314276a)
[Subsystems] Discovering subsystems at path /Applications/Unity/Hub/Editor/2020.3.4f1/Unity.app/Contents/Resources/UnitySubsystems
[Subsystems] Discovering subsystems at path /Users/csiddarth/Documents/ARFoundationShooterGame-Project-Files/Assets
GfxDevice: creating device client; threaded=0
2021-04-16 22:02:49.983 Unity[89740:779780] (null) preferred device: Apple M1 (high power)
2021-04-16 22:02:49.983 Unity[89740:779780] Metal devices available: 1
2021-04-16 22:02:49.983 Unity[89740:779780] 0: Apple M1 (high power)
2021-04-16 22:02:49.984 Unity[89740:779780] Using device Apple M1 (high power)
Initializing Metal device caps: Apple M1
Initialize mono
Mono path[0] = '/Applications/Unity/Hub/Editor/2020.3.4f1/Unity.app/Contents/Managed'
Mono path[1] = '/Applications/Unity/Hub/Editor/2020.3.4f1/Unity.app/Contents/MonoBleedingEdge/lib/mono/unityjit'
Mono config path = '/Applications/Unity/Hub/Editor/2020.3.4f1/Unity.app/Contents/MonoBleedingEdge/etc'
Using monoOptions --debugger-agent=transport=dt_socket,embedding=1,server=y,suspend=n,address=127.0.0.1:56740
Begin MonoManager ReloadAssembly
Registering precompiled unity dll's ...
Register platform support module: /Applications/Unity/Hub/Editor/2020.3.4f1/Unity.app/Contents/PlaybackEngines/MacStandaloneSupport/UnityEditor.OSXStandalone.Extensions.dll
Registered in 0.002745 seconds.
Native extension for OSXStandalone target not found
Refreshing native plugins compatible for Editor in 25.68 ms, found 1 plugins.
Preloading 0 native plugins for Editor in 0.00 ms.
Mono: successfully reloaded assembly
- Completed reload, in  2.521 seconds
Platform modules already initialized, skipping
Registering precompiled user dll's ...
Registered in 0.000615 seconds.
Begin MonoManager ReloadAssembly
Native extension for OSXStandalone target not found
Refreshing native plugins compatible for Editor in 25.80 ms, found 1 plugins.
Preloading 0 native plugins for Editor in 0.00 ms.
Mono: successfully reloaded assembly
- Completed reload, in  1.747 seconds
Platform modules already initialized, skipping
========================================================================
Worker process is ready to serve import requests
Launching external process: /Applications/Unity/Hub/Editor/2020.3.4f1/Unity.app/Contents/Tools/UnityShaderCompiler
Launched and connected shader compiler UnityShaderCompiler after 0.02 seconds
Refreshing native plugins compatible for Editor in 0.25 ms, found 1 plugins.
Preloading 0 native plugins for Editor in 0.00 ms.
Unloading 1517 Unused Serialized files (Serialized files now loaded: 0)
System memory in use before: 128.2 MB.
System memory in use after: 128.3 MB.

Unloading 11 unused Assets to reduce memory usage. Loaded Objects now: 1959.
Total: 1.386334 ms (FindLiveObjects: 0.133666 ms CreateObjectMapping: 0.031417 ms MarkObjects: 1.154125 ms  DeleteObjects: 0.066542 ms)

========================================================================
Received Import Request.
  path: Assets/Scripts/EnemySpawner.cs
  artifactKey: Guid(22aa82f9b19387b4c9d8fcd354685093) Importer(815301076,1909f56bfc062723c751e8b465ee728b)
Start importing Assets/Scripts/EnemySpawner.cs using Guid(22aa82f9b19387b4c9d8fcd354685093) Importer(815301076,1909f56bfc062723c751e8b465ee728b)  -> (artifact id: 'ce2797ef50601dfe4ec66284bdc62ba9') in 0.225311 seconds
  Import took 0.227578 seconds .

========================================================================
Received Import Request.
  Time since last request: 0.000288 seconds.
  path: Assets/Scripts/FlyingEnemy.cs
  artifactKey: Guid(a51eaaf4ff3beda47887282bbe84cac7) Importer(815301076,1909f56bfc062723c751e8b465ee728b)
Start importing Assets/Scripts/FlyingEnemy.cs using Guid(a51eaaf4ff3beda47887282bbe84cac7) Importer(815301076,1909f56bfc062723c751e8b465ee728b)  -> (artifact id: '30350fbb297a5f113d733162b633112a') in 0.002100 seconds
  Import took 0.003512 seconds .

========================================================================
Received Import Request.
  Time since last request: 4.548912 seconds.
  path: Assets/Space Kit/Models
  artifactKey: Guid(189f80d525fa14a4391a726210f189a6) Importer(815301076,1909f56bfc062723c751e8b465ee728b)
Start importing Assets/Space Kit/Models using Guid(189f80d525fa14a4391a726210f189a6) Importer(815301076,1909f56bfc062723c751e8b465ee728b)  -> (artifact id: '86065126353e8df981ed379cecf582d3') in 0.001900 seconds
  Import took 0.004718 seconds .

========================================================================
Received Import Request.
  Time since last request: 0.000705 seconds.
  path: Assets/Space Kit/Models
  artifactKey: Guid(189f80d525fa14a4391a726210f189a6) Importer(815301076,1909f56bfc062723c751e8b465ee728b)
Start importing Assets/Space Kit/Models using Guid(189f80d525fa14a4391a726210f189a6) Importer(815301076,1909f56bfc062723c751e8b465ee728b)  -> (artifact id: '86065126353e8df981ed379cecf582d3') in 0.000608 seconds
  Import took 0.002415 seconds .

========================================================================
Received Import Request.
  Time since last request: 8.251892 seconds.
  path: Assets/TextMesh Pro/Documentation/TextMesh Pro User Guide 2016.pdf
  artifactKey: Guid(1b8d251f9af63b746bf2f7ffe00ebb9b) Importer(815301076,1909f56bfc062723c751e8b465ee728b)
Start importing Assets/TextMesh Pro/Documentation/TextMesh Pro User Guide 2016.pdf using Guid(1b8d251f9af63b746bf2f7ffe00ebb9b) Importer(815301076,1909f56bfc062723c751e8b465ee728b)  -> (artifact id: '9715b7761c33b11123088cfac74b97d1') in 0.465682 seconds
  Import took 0.468290 seconds .

========================================================================
Received Import Request.
  Time since last request: 2.706375 seconds.
  path: Assets/TextMesh Pro/Resources/TMP Settings.asset
  artifactKey: Guid(3f5b5dff67a942289a9defa416b206f3) Importer(815301076,1909f56bfc062723c751e8b465ee728b)
Start importing Assets/TextMesh Pro/Resources/TMP Settings.asset using Guid(3f5b5dff67a942289a9defa416b206f3) Importer(815301076,1909f56bfc062723c751e8b465ee728b)  -> (artifact id: '3bf86958dae409e15aad6a49cabd0c76') in 0.655656 seconds
  Import took 0.658956 seconds .

========================================================================
Received Import Request.
  Time since last request: 2.416436 seconds.
  path: Assets/TextMesh Pro/Sprites/EmojiOne.png
  artifactKey: Guid(dffef66376be4fa480fb02b19edbe903) Importer(815301076,1909f56bfc062723c751e8b465ee728b)
Start importing Assets/TextMesh Pro/Sprites/EmojiOne.png using Guid(dffef66376be4fa480fb02b19edbe903) Importer(815301076,1909f56bfc062723c751e8b465ee728b)  -> (artifact id: '114104975a71204daebc60ed273b0b93') in 0.532782 seconds
  Import took 0.535854 seconds .

========================================================================
Received Import Request.
  Time since last request: 1.246037 seconds.
  path: Assets/XR/Loaders/AR Core Loader.asset
  artifactKey: Guid(3bb0e3809ebb74c9cbcbf762337d31ca) Importer(815301076,1909f56bfc062723c751e8b465ee728b)
Start importing Assets/XR/Loaders/AR Core Loader.asset using Guid(3bb0e3809ebb74c9cbcbf762337d31ca) Importer(815301076,1909f56bfc062723c751e8b465ee728b)  -> (artifact id: '330b3ab8f816d3d7b86d13b272e3806c') in 0.009138 seconds
  Import took 0.012273 seconds .

========================================================================
Received Import Request.
  Time since last request: 0.000383 seconds.
  path: Assets/XR/Loaders/AR Kit Loader.asset
  artifactKey: Guid(1914279619efc406fbab1b11f6846552) Importer(815301076,1909f56bfc062723c751e8b465ee728b)
Start importing Assets/XR/Loaders/AR Kit Loader.asset using Guid(1914279619efc406fbab1b11f6846552) Importer(815301076,1909f56bfc062723c751e8b465ee728b)  -> (artifact id: 'ce797ecbcb1c4cc049508ee2838727e8') in 0.005801 seconds
  Import took 0.008194 seconds .

========================================================================
Received Import Request.
  Time since last request: 0.618412 seconds.
  path: Assets/XR/Settings/AR Core Loader Settings.asset
  artifactKey: Guid(b3eae7cbc264e45ac9c3fd4311deb5b8) Importer(815301076,1909f56bfc062723c751e8b465ee728b)
Start importing Assets/XR/Settings/AR Core Loader Settings.asset using Guid(b3eae7cbc264e45ac9c3fd4311deb5b8) Importer(815301076,1909f56bfc062723c751e8b465ee728b)  -> (artifact id: 'f9e3e12bb55152cacb61218e3bebde82') in 0.002635 seconds
  Import took 0.006165 seconds .

========================================================================
Received Import Request.
  Time since last request: 0.000269 seconds.
  path: Assets/XR/Settings/AR Kit Settings.asset
  artifactKey: Guid(8b2d2cd233777427fbbc6369e24d5f09) Importer(815301076,1909f56bfc062723c751e8b465ee728b)
Start importing Assets/XR/Settings/AR Kit Settings.asset using Guid(8b2d2cd233777427fbbc6369e24d5f09) Importer(815301076,1909f56bfc062723c751e8b465ee728b)  -> (artifact id: 'fa84b639a63e5832647ff1e7adef8fb7') in 0.003125 seconds
  Import took 0.005894 seconds .

========================================================================
Received Import Request.
  Time since last request: 16.526690 seconds.
  path: Assets/Scripts/Shooting.cs
  artifactKey: Guid(af7c4c3be1aed5545a3477c502911d4a) Importer(815301076,1909f56bfc062723c751e8b465ee728b)
Start importing Assets/Scripts/Shooting.cs using Guid(af7c4c3be1aed5545a3477c502911d4a) Importer(815301076,1909f56bfc062723c751e8b465ee728b)  -> (artifact id: 'f49fbd500630d2fc015cd06d57dc9797') in 0.001648 seconds
  Import took 0.004776 seconds .

========================================================================
Received Import Request.
  Time since last request: 0.022807 seconds.
  path: Assets/Scripts/Shooting.cs
  artifactKey: Guid(af7c4c3be1aed5545a3477c502911d4a) Importer(815301076,1909f56bfc062723c751e8b465ee728b)
Start importing Assets/Scripts/Shooting.cs using Guid(af7c4c3be1aed5545a3477c502911d4a) Importer(815301076,1909f56bfc062723c751e8b465ee728b)  -> (artifact id: 'f49fbd500630d2fc015cd06d57dc9797') in 0.001171 seconds
  Import took 0.003645 seconds .

========================================================================
Received Prepare
Registering precompiled user dll's ...
Registered in 0.000383 seconds.
Begin MonoManager ReloadAssembly
Native extension for OSXStandalone target not found
Refreshing native plugins compatible for Editor in 0.27 ms, found 1 plugins.
Preloading 0 native plugins for Editor in 0.00 ms.
Mono: successfully reloaded assembly
- Completed reload, in  1.662 seconds
Platform modules already initialized, skipping
Switching build target platform(2) subTarget(0) extendedPlatform(0) -> platform(9) subTarget(16777218) extendedPlatform(0)
Refreshing native plugins compatible for Editor in 0.26 ms, found 1 plugins.
Preloading 0 native plugins for Editor in 0.00 ms.
Unloading 1496 Unused Serialized files (Serialized files now loaded: 0)
System memory in use before: 144.0 MB.
System memory in use after: 144.1 MB.

Unloading 6 unused Assets to reduce memory usage. Loaded Objects now: 1965.
Total: 1.172583 ms (FindLiveObjects: 0.103667 ms CreateObjectMapping: 0.029792 ms MarkObjects: 1.013667 ms  DeleteObjects: 0.024292 ms)

AssetImportParameters requested are different than current active one (requested -> active):
  custom:graphics/normal-map-encoding: 01000000000000000000000000000000 -> 02000000000000000000000000000000
========================================================================
Received Import Request.
  Time since last request: 158.803677 seconds.
  path: Packages/com.unity.xr.arfoundation/package.json
  artifactKey: Guid(08e6a1d1bc87fb6408c3e916a260691b) Importer(815301076,1909f56bfc062723c751e8b465ee728b)
Start importing Packages/com.unity.xr.arfoundation/package.json using Guid(08e6a1d1bc87fb6408c3e916a260691b) Importer(815301076,1909f56bfc062723c751e8b465ee728b)  -> (artifact id: '4e4931840842c27b40df8242d35d68ee') in 0.761938 seconds
  Import took 0.764858 seconds .

========================================================================
Received Import Request.
  Time since last request: 15.435486 seconds.
  path: Assets/XR/Settings
  artifactKey: Guid(74f50d43ec5fc41adab822b02a0b0b79) Importer(815301076,1909f56bfc062723c751e8b465ee728b)
Start importing Assets/XR/Settings using Guid(74f50d43ec5fc41adab822b02a0b0b79) Importer(815301076,1909f56bfc062723c751e8b465ee728b)  -> (artifact id: '49b71ad9af099d0112654e700abab5b0') in 0.002309 seconds
  Import took 0.005152 seconds .

========================================================================
Received Import Request.
  Time since last request: 23.247751 seconds.
  path: Packages/com.unity.subsystemregistration/package.json
  artifactKey: Guid(39ae12a67d2824dda9cb95e774ab4ab1) Importer(815301076,1909f56bfc062723c751e8b465ee728b)
Start importing Packages/com.unity.subsystemregistration/package.json using Guid(39ae12a67d2824dda9cb95e774ab4ab1) Importer(815301076,1909f56bfc062723c751e8b465ee728b)  -> (artifact id: 'f2e526c6fd849aa49f2c3e5963044ed7') in 0.005455 seconds
  Import took 0.009332 seconds .

========================================================================
Received Import Request.
  Time since last request: 1.077567 seconds.
  path: Packages/com.unity.test-framework/package.json
  artifactKey: Guid(d6a2e6e4803de7b43baacdc355fc144d) Importer(815301076,1909f56bfc062723c751e8b465ee728b)
Start importing Packages/com.unity.test-framework/package.json using Guid(d6a2e6e4803de7b43baacdc355fc144d) Importer(815301076,1909f56bfc062723c751e8b465ee728b)  -> (artifact id: 'c9dd1f35a5ff9cf11a7f36847ce181fb') in 0.004776 seconds
  Import took 0.008744 seconds .

========================================================================
Received Import Request.
  Time since last request: 0.680792 seconds.
  path: Packages/com.unity.textmeshpro/package.json
  artifactKey: Guid(220e9325710f4235a43492dd1ee4980d) Importer(815301076,1909f56bfc062723c751e8b465ee728b)
Start importing Packages/com.unity.textmeshpro/package.json using Guid(220e9325710f4235a43492dd1ee4980d) Importer(815301076,1909f56bfc062723c751e8b465ee728b)  -> (artifact id: '9f6879161f5c155850ff2d2e8343d6ac') in 0.006247 seconds
  Import took 0.009939 seconds .

========================================================================
Received Import Request.
  Time since last request: 0.597661 seconds.
  path: Packages/com.unity.timeline/package.json
  artifactKey: Guid(13a9c1b4df2e489e8eb9cacca7429596) Importer(815301076,1909f56bfc062723c751e8b465ee728b)
Start importing Packages/com.unity.timeline/package.json using Guid(13a9c1b4df2e489e8eb9cacca7429596) Importer(815301076,1909f56bfc062723c751e8b465ee728b)  -> (artifact id: '425bb9eb6746bc63509bda2dcbe703a2') in 0.004485 seconds
  Import took 0.008297 seconds .

========================================================================
Received Import Request.
  Time since last request: 0.937359 seconds.
  path: Packages/com.unity.collab-proxy/package.json
  artifactKey: Guid(743fda8c4b219c8429fb5a77ede1c879) Importer(815301076,1909f56bfc062723c751e8b465ee728b)
Start importing Packages/com.unity.collab-proxy/package.json using Guid(743fda8c4b219c8429fb5a77ede1c879) Importer(815301076,1909f56bfc062723c751e8b465ee728b)  -> (artifact id: '86356b0bf77e1824896bd5e938827a53') in 0.006284 seconds
  Import took 0.010166 seconds .

========================================================================
Received Import Request.
  Time since last request: 3.536918 seconds.
  path: Packages/com.unity.xr.management/Editor/Unity.XR.Management.Editor.asmdef
  artifactKey: Guid(f9fe0089ec81f4079af78eb2287a6163) Importer(815301076,1909f56bfc062723c751e8b465ee728b)
Start importing Packages/com.unity.xr.management/Editor/Unity.XR.Management.Editor.asmdef using Guid(f9fe0089ec81f4079af78eb2287a6163) Importer(815301076,1909f56bfc062723c751e8b465ee728b)  -> (artifact id: '594a815831620904932b47ae0eaf1ca9') in 0.160712 seconds
  Import took 0.163664 seconds .

========================================================================
Received Import Request.
  Time since last request: 6.952746 seconds.
  path: Packages/com.unity.xr.arfoundation/Editor/Unity.XR.ARFoundation.Editor.asmdef
  artifactKey: Guid(7f759c464cb5ea8448d441f13b57aec0) Importer(815301076,1909f56bfc062723c751e8b465ee728b)
Start importing Packages/com.unity.xr.arfoundation/Editor/Unity.XR.ARFoundation.Editor.asmdef using Guid(7f759c464cb5ea8448d441f13b57aec0) Importer(815301076,1909f56bfc062723c751e8b465ee728b)  -> (artifact id: 'c4e7829723d45049c0e05f45c5e9568d') in 0.003550 seconds
  Import took 0.007260 seconds .

========================================================================
Received Import Request.
  Time since last request: 19.933188 seconds.
  path: Assets/Materials
  artifactKey: Guid(129727f2afa93744782e809a60cd9f54) Importer(815301076,1909f56bfc062723c751e8b465ee728b)
Start importing Assets/Materials using Guid(129727f2afa93744782e809a60cd9f54) Importer(815301076,1909f56bfc062723c751e8b465ee728b)  -> (artifact id: 'c2b2f42a238933fcb9868781174fc6c1') in 0.001058 seconds
  Import took 0.004197 seconds .

========================================================================
Received Import Request.
  Time since last request: 6.453386 seconds.
  path: Assets/PlacementIndicator/PlacementIndicator.cs
  artifactKey: Guid(90577c535d085ee48a4adf1e2079e54e) Importer(815301076,1909f56bfc062723c751e8b465ee728b)
Start importing Assets/PlacementIndicator/PlacementIndicator.cs using Guid(90577c535d085ee48a4adf1e2079e54e) Importer(815301076,1909f56bfc062723c751e8b465ee728b)  -> (artifact id: '14f8e74f44681768337a71ec08f095ea') in 0.001699 seconds
  Import took 0.004887 seconds .

========================================================================
Received Import Request.
  Time since last request: 0.000901 seconds.
  path: Assets/PlacementIndicator/PlacementIndicator.cs
  artifactKey: Guid(90577c535d085ee48a4adf1e2079e54e) Importer(815301076,1909f56bfc062723c751e8b465ee728b)
Start importing Assets/PlacementIndicator/PlacementIndicator.cs using Guid(90577c535d085ee48a4adf1e2079e54e) Importer(815301076,1909f56bfc062723c751e8b465ee728b)  -> (artifact id: '14f8e74f44681768337a71ec08f095ea') in 0.001136 seconds
  Import took 0.003739 seconds .

========================================================================
Received Import Request.
  Time since last request: 16.884414 seconds.
  path: Assets/PlacementIndicator/DemoScene.unity
  artifactKey: Guid(a776f0f2b23b7ec48a536a6129f0bdfa) Importer(815301076,1909f56bfc062723c751e8b465ee728b)
Start importing Assets/PlacementIndicator/DemoScene.unity using Guid(a776f0f2b23b7ec48a536a6129f0bdfa) Importer(815301076,1909f56bfc062723c751e8b465ee728b)  -> (artifact id: '4858a1b91695bd6e249caf2d9b267bcf') in 0.002809 seconds
  Import took 0.005788 seconds .

========================================================================
Received Import Request.
  Time since last request: 0.001006 seconds.
  path: Assets/PlacementIndicator/DemoScene.unity
  artifactKey: Guid(a776f0f2b23b7ec48a536a6129f0bdfa) Importer(815301076,1909f56bfc062723c751e8b465ee728b)
Start importing Assets/PlacementIndicator/DemoScene.unity using Guid(a776f0f2b23b7ec48a536a6129f0bdfa) Importer(815301076,1909f56bfc062723c751e8b465ee728b)  -> (artifact id: '4858a1b91695bd6e249caf2d9b267bcf') in 0.001241 seconds
  Import took 0.003597 seconds .

========================================================================
Received Prepare
Refreshing native plugins compatible for Editor in 0.47 ms, found 1 plugins.
Preloading 0 native plugins for Editor in 0.00 ms.
Unloading 3 Unused Serialized files (Serialized files now loaded: 0)
System memory in use before: 123.0 MB.
System memory in use after: 123.2 MB.

Unloading 3 unused Assets to reduce memory usage. Loaded Objects now: 1965.
Total: 1.501083 ms (FindLiveObjects: 0.119208 ms CreateObjectMapping: 0.033125 ms MarkObjects: 1.324042 ms  DeleteObjects: 0.024041 ms)

========================================================================
Received Prepare
Refreshing native plugins compatible for Editor in 0.79 ms, found 1 plugins.
Preloading 0 native plugins for Editor in 0.00 ms.
Unloading 3 Unused Serialized files (Serialized files now loaded: 0)
System memory in use before: 123.1 MB.
System memory in use after: 123.2 MB.

Unloading 3 unused Assets to reduce memory usage. Loaded Objects now: 1965.
Total: 1.342708 ms (FindLiveObjects: 0.115458 ms CreateObjectMapping: 0.029833 ms MarkObjects: 1.170958 ms  DeleteObjects: 0.025459 ms)

========================================================================
Received Prepare
Refreshing native plugins compatible for Editor in 0.48 ms, found 1 plugins.
Preloading 0 native plugins for Editor in 0.00 ms.
Unloading 3 Unused Serialized files (Serialized files now loaded: 0)
System memory in use before: 123.1 MB.
System memory in use after: 123.2 MB.

Unloading 3 unused Assets to reduce memory usage. Loaded Objects now: 1965.
Total: 2.782584 ms (FindLiveObjects: 0.183375 ms CreateObjectMapping: 0.030583 ms MarkObjects: 2.531667 ms  DeleteObjects: 0.035959 ms)

========================================================================
Received Import Request.
  Time since last request: 719.300474 seconds.
  path: Assets/Scripts/Projectile.cs
  artifactKey: Guid(d77ca85112bdd2e48b12b6492de5f156) Importer(815301076,1909f56bfc062723c751e8b465ee728b)
Start importing Assets/Scripts/Projectile.cs using Guid(d77ca85112bdd2e48b12b6492de5f156) Importer(815301076,1909f56bfc062723c751e8b465ee728b)  -> (artifact id: 'bbaefcfb0ceb5b558989aaa0f350a42e') in 0.005577 seconds
  Import took 0.008894 seconds .

========================================================================
Received Import Request.
  Time since last request: 0.002292 seconds.
  path: Assets/Scripts/Projectile.cs
  artifactKey: Guid(d77ca85112bdd2e48b12b6492de5f156) Importer(815301076,1909f56bfc062723c751e8b465ee728b)
Start importing Assets/Scripts/Projectile.cs using Guid(d77ca85112bdd2e48b12b6492de5f156) Importer(815301076,1909f56bfc062723c751e8b465ee728b)  -> (artifact id: 'bbaefcfb0ceb5b558989aaa0f350a42e') in 0.001036 seconds
  Import took 0.003297 seconds .

========================================================================
Received Import Request.
  Time since last request: 31.637042 seconds.
  path: Assets/Scripts/ShooterCore.cs
  artifactKey: Guid(3151877ae4ec1e3489452050738fe238) Importer(815301076,1909f56bfc062723c751e8b465ee728b)
Start importing Assets/Scripts/ShooterCore.cs using Guid(3151877ae4ec1e3489452050738fe238) Importer(815301076,1909f56bfc062723c751e8b465ee728b)  -> (artifact id: 'd1af7d8448ec015b225f379a3d9bc5fb') in 0.001740 seconds
  Import took 0.005018 seconds .

========================================================================
Received Import Request.
  Time since last request: 0.019114 seconds.
  path: Assets/Scripts/ShooterCore.cs
  artifactKey: Guid(3151877ae4ec1e3489452050738fe238) Importer(815301076,1909f56bfc062723c751e8b465ee728b)
Start importing Assets/Scripts/ShooterCore.cs using Guid(3151877ae4ec1e3489452050738fe238) Importer(815301076,1909f56bfc062723c751e8b465ee728b)  -> (artifact id: 'd1af7d8448ec015b225f379a3d9bc5fb') in 0.001151 seconds
  Import took 0.003746 seconds .

========================================================================
Received Import Request.
  Time since last request: 59.245945 seconds.
  path: Assets/Space Kit/Models/Materials
  artifactKey: Guid(aa4a9265759707540a93dac962638532) Importer(815301076,1909f56bfc062723c751e8b465ee728b)
Start importing Assets/Space Kit/Models/Materials using Guid(aa4a9265759707540a93dac962638532) Importer(815301076,1909f56bfc062723c751e8b465ee728b)  -> (artifact id: '870900ae1215343fb86bbafb72dda02e') in 0.000680 seconds
  Import took 0.002646 seconds .

========================================================================
Received Import Request.
  Time since last request: 2.175009 seconds.
  path: Assets/Space Kit/Models/Textures/alien.png
  artifactKey: Guid(93f3cba1a974c544594f3575d83bfdd4) Importer(815301076,1909f56bfc062723c751e8b465ee728b)
Start importing Assets/Space Kit/Models/Textures/alien.png using Guid(93f3cba1a974c544594f3575d83bfdd4) Importer(815301076,1909f56bfc062723c751e8b465ee728b)  -> (artifact id: '4bb09d3adce112636370677612b85a16') in 0.099382 seconds
  Import took 0.102444 seconds .

========================================================================
Received Import Request.
  Time since last request: 0.000228 seconds.
  path: Assets/Space Kit/Models/Textures/astronaut.png
  artifactKey: Guid(80700f27ff3a95440937e4d10c8016d9) Importer(815301076,1909f56bfc062723c751e8b465ee728b)
Start importing Assets/Space Kit/Models/Textures/astronaut.png using Guid(80700f27ff3a95440937e4d10c8016d9) Importer(815301076,1909f56bfc062723c751e8b465ee728b)  -> (artifact id: '28936df95faf628344eb24434d5f302a') in 0.010398 seconds
  Import took 0.012213 seconds .

========================================================================
Received Import Request.
  Time since last request: 0.000303 seconds.
  path: Assets/Space Kit/Models/Textures/net.png
  artifactKey: Guid(233faf59f7b72b64888f6732538a52ff) Importer(815301076,1909f56bfc062723c751e8b465ee728b)
Start importing Assets/Space Kit/Models/Textures/net.png using Guid(233faf59f7b72b64888f6732538a52ff) Importer(815301076,1909f56bfc062723c751e8b465ee728b)  -> (artifact id: '6f411c71f700d6c9b37fbff7adb1df1a') in 0.005762 seconds
  Import took 0.007655 seconds .

========================================================================
Received Import Request.
  Time since last request: 37077.131958 seconds.
  path: Assets/PlacementIndicator/DemoScene.unity
  artifactKey: Guid(a776f0f2b23b7ec48a536a6129f0bdfa) Importer(815301076,1909f56bfc062723c751e8b465ee728b)
Start importing Assets/PlacementIndicator/DemoScene.unity using Guid(a776f0f2b23b7ec48a536a6129f0bdfa) Importer(815301076,1909f56bfc062723c751e8b465ee728b)  -> (artifact id: '6b8d16e6589cf1505e6ac3fed9a34e0d') in 0.009068 seconds
  Import took 0.012085 seconds .

========================================================================
Received Import Request.
  Time since last request: 31.471878 seconds.
  path: Assets/PlacementIndicator/DemoSceneSettings.lighting
  artifactKey: Guid(b04d5604817ad48eb9f0237dcf6b8f02) Importer(815301076,1909f56bfc062723c751e8b465ee728b)
Start importing Assets/PlacementIndicator/DemoSceneSettings.lighting using Guid(b04d5604817ad48eb9f0237dcf6b8f02) Importer(815301076,1909f56bfc062723c751e8b465ee728b)  -> (artifact id: '96e11b5513804d1a3b03fe61ff9ba8d0') in 0.118681 seconds
  Import took 0.121215 seconds .

========================================================================
Received Import Request.
  Time since last request: 58.901481 seconds.
  path: Assets/Prefabs
  artifactKey: Guid(1d3eae62e72b6144c8b442097c7f3f40) Importer(815301076,1909f56bfc062723c751e8b465ee728b)
Start importing Assets/Prefabs using Guid(1d3eae62e72b6144c8b442097c7f3f40) Importer(815301076,1909f56bfc062723c751e8b465ee728b)  -> (artifact id: 'f54bf276f9324acc4772224cbbd7599d') in 0.001070 seconds
  Import took 0.004124 seconds .

========================================================================
Received Prepare
Refreshing native plugins compatible for Editor in 0.98 ms, found 1 plugins.
Preloading 0 native plugins for Editor in 0.00 ms.
Unloading 3 Unused Serialized files (Serialized files now loaded: 0)
System memory in use before: 127.6 MB.
System memory in use after: 127.7 MB.

Unloading 3 unused Assets to reduce memory usage. Loaded Objects now: 1965.
Total: 15.580250 ms (FindLiveObjects: 0.176875 ms CreateObjectMapping: 0.030916 ms MarkObjects: 15.331583 ms  DeleteObjects: 0.039583 ms)

========================================================================
Received Import Request.
  Time since last request: 662.689669 seconds.
  path: Assets/Materials/Projectile.mat
  artifactKey: Guid(1cef17409e8d9f04e918efd161c8c428) Importer(815301076,1909f56bfc062723c751e8b465ee728b)
Start importing Assets/Materials/Projectile.mat using Guid(1cef17409e8d9f04e918efd161c8c428) Importer(815301076,1909f56bfc062723c751e8b465ee728b)  -> (artifact id: '12fca526bf14718254d2f81fb71633f6') in 0.403268 seconds
  Import took 0.445525 seconds .

========================================================================
Received Import Request.
  Time since last request: 1490.087773 seconds.
  path: Assets/Prefabs/Rocks.prefab
  artifactKey: Guid(012844b8a94d144c8a0bf0bf29c8e5da) Importer(815301076,1909f56bfc062723c751e8b465ee728b)
Start importing Assets/Prefabs/Rocks.prefab using Guid(012844b8a94d144c8a0bf0bf29c8e5da) Importer(815301076,1909f56bfc062723c751e8b465ee728b)  -> (artifact id: 'c936af549c5bbe6955cd9012249cc329') in 0.132748 seconds
  Import took 0.134934 seconds .

========================================================================
Received Import Request.
  Time since last request: 130.089225 seconds.
  path: Assets/Prefabs/Rocks.prefab
  artifactKey: Guid(012844b8a94d144c8a0bf0bf29c8e5da) Importer(815301076,1909f56bfc062723c751e8b465ee728b)
Start importing Assets/Prefabs/Rocks.prefab using Guid(012844b8a94d144c8a0bf0bf29c8e5da) Importer(815301076,1909f56bfc062723c751e8b465ee728b)  -> (artifact id: 'dbd8a19da9d9ec81a28566b3ecf7a9a9') in 0.012531 seconds
  Import took 0.014981 seconds .

========================================================================
Received Import Request.
  Time since last request: 2.818194 seconds.
  path: Assets/Prefabs/Rocks.prefab
  artifactKey: Guid(012844b8a94d144c8a0bf0bf29c8e5da) Importer(815301076,1909f56bfc062723c751e8b465ee728b)
Start importing Assets/Prefabs/Rocks.prefab using Guid(012844b8a94d144c8a0bf0bf29c8e5da) Importer(815301076,1909f56bfc062723c751e8b465ee728b)  -> (artifact id: '6ff2f3ce7bb33afa7ccddb4010dda3e4') in 0.009606 seconds
  Import took 0.012522 seconds .

========================================================================
Received Prepare
Registering precompiled user dll's ...
Registered in 0.000717 seconds.
Begin MonoManager ReloadAssembly
Native extension for OSXStandalone target not found
Refreshing native plugins compatible for Editor in 0.26 ms, found 1 plugins.
Preloading 0 native plugins for Editor in 0.00 ms.
Mono: successfully reloaded assembly
- Completed reload, in  1.740 seconds
Platform modules already initialized, skipping
Switching build target platform(2) subTarget(0) extendedPlatform(0) -> platform(9) subTarget(16777218) extendedPlatform(0)
Refreshing native plugins compatible for Editor in 0.21 ms, found 1 plugins.
Preloading 0 native plugins for Editor in 0.00 ms.
Unloading 1496 Unused Serialized files (Serialized files now loaded: 0)
System memory in use before: 168.7 MB.
System memory in use after: 168.8 MB.

Unloading 6 unused Assets to reduce memory usage. Loaded Objects now: 2009.
Total: 1.164917 ms (FindLiveObjects: 0.095375 ms CreateObjectMapping: 0.029292 ms MarkObjects: 1.017625 ms  DeleteObjects: 0.021916 ms)

AssetImportParameters requested are different than current active one (requested -> active):
  custom:graphics/normal-map-encoding: 01000000000000000000000000000000 -> 02000000000000000000000000000000
========================================================================
Received Prepare
Refreshing native plugins compatible for Editor in 0.95 ms, found 1 plugins.
Preloading 0 native plugins for Editor in 0.00 ms.
Unloading 3 Unused Serialized files (Serialized files now loaded: 0)
System memory in use before: 139.3 MB.
System memory in use after: 139.4 MB.

Unloading 3 unused Assets to reduce memory usage. Loaded Objects now: 2009.
Total: 1.631541 ms (FindLiveObjects: 0.134417 ms CreateObjectMapping: 0.028542 ms MarkObjects: 1.066958 ms  DeleteObjects: 0.400625 ms)

========================================================================
Received Import Request.
  Time since last request: 593.826671 seconds.
  path: Assets/Prefabs/Rocks.prefab
  artifactKey: Guid(012844b8a94d144c8a0bf0bf29c8e5da) Importer(815301076,1909f56bfc062723c751e8b465ee728b)
Start importing Assets/Prefabs/Rocks.prefab using Guid(012844b8a94d144c8a0bf0bf29c8e5da) Importer(815301076,1909f56bfc062723c751e8b465ee728b)  -> (artifact id: '53a451adfa877634e3f07f3ecb60a3cb') in 0.190657 seconds
  Import took 0.192875 seconds .

========================================================================
Received Prepare
Refreshing native plugins compatible for Editor in 0.42 ms, found 1 plugins.
Preloading 0 native plugins for Editor in 0.00 ms.
Unloading 3 Unused Serialized files (Serialized files now loaded: 0)
System memory in use before: 140.0 MB.
System memory in use after: 140.2 MB.

Unloading 3 unused Assets to reduce memory usage. Loaded Objects now: 2010.
Total: 1.662583 ms (FindLiveObjects: 0.188084 ms CreateObjectMapping: 0.032416 ms MarkObjects: 1.407292 ms  DeleteObjects: 0.033750 ms)

========================================================================
Received Prepare
Registering precompiled user dll's ...
Registered in 0.000346 seconds.
Begin MonoManager ReloadAssembly
Native extension for OSXStandalone target not found
Refreshing native plugins compatible for Editor in 0.29 ms, found 1 plugins.
Preloading 0 native plugins for Editor in 0.00 ms.
Mono: successfully reloaded assembly
- Completed reload, in  1.843 seconds
Platform modules already initialized, skipping
Switching build target platform(2) subTarget(0) extendedPlatform(0) -> platform(9) subTarget(16777218) extendedPlatform(0)
Refreshing native plugins compatible for Editor in 0.27 ms, found 1 plugins.
Preloading 0 native plugins for Editor in 0.00 ms.
Unloading 1496 Unused Serialized files (Serialized files now loaded: 0)
System memory in use before: 169.0 MB.
System memory in use after: 169.1 MB.

Unloading 6 unused Assets to reduce memory usage. Loaded Objects now: 2014.
Total: 1.319708 ms (FindLiveObjects: 0.149250 ms CreateObjectMapping: 0.031708 ms MarkObjects: 1.107875 ms  DeleteObjects: 0.030000 ms)

AssetImportParameters requested are different than current active one (requested -> active):
  custom:graphics/normal-map-encoding: 01000000000000000000000000000000 -> 02000000000000000000000000000000
========================================================================
Received Prepare
Refreshing native plugins compatible for Editor in 0.47 ms, found 1 plugins.
Preloading 0 native plugins for Editor in 0.00 ms.
Unloading 3 Unused Serialized files (Serialized files now loaded: 0)
System memory in use before: 139.5 MB.
System memory in use after: 139.7 MB.

Unloading 3 unused Assets to reduce memory usage. Loaded Objects now: 2014.
Total: 1.713042 ms (FindLiveObjects: 0.170708 ms CreateObjectMapping: 0.032833 ms MarkObjects: 1.472417 ms  DeleteObjects: 0.035625 ms)

