Using pre-set license

 COMMAND LINE ARGUMENTS:
/Applications/Unity/Hub/Editor/2020.3.4f1/Unity.app/Contents/MacOS/Unity
-adb2
-batchMode
-noUpm
-name
AssetImportWorker0
-projectPath
/Users/csiddarth/Documents/Game jam/ARFoundationShooterGame-Project-Files
-logFile
Logs/AssetImportWorker0.log
-srvPort
50601
Successfully changed project path to: /Users/csiddarth/Documents/Game jam/ARFoundationShooterGame-Project-Files
/Users/csiddarth/Documents/Game jam/ARFoundationShooterGame-Project-Files
Using Asset Import Pipeline V2.
Refreshing native plugins compatible for Editor in 27.58 ms, found 1 plugins.
Preloading 0 native plugins for Editor in 0.00 ms.
Initialize engine version: 2020.3.4f1 (0abb6314276a)
[Subsystems] Discovering subsystems at path /Applications/Unity/Hub/Editor/2020.3.4f1/Unity.app/Contents/Resources/UnitySubsystems
[Subsystems] Discovering subsystems at path /Users/csiddarth/Documents/Game jam/ARFoundationShooterGame-Project-Files/Assets
GfxDevice: creating device client; threaded=0
2021-04-17 09:52:07.401 Unity[96329:1047249] (null) preferred device: Apple M1 (high power)
2021-04-17 09:52:07.401 Unity[96329:1047249] Metal devices available: 1
2021-04-17 09:52:07.401 Unity[96329:1047249] 0: Apple M1 (high power)
2021-04-17 09:52:07.401 Unity[96329:1047249] Using device Apple M1 (high power)
Initializing Metal device caps: Apple M1
Initialize mono
Mono path[0] = '/Applications/Unity/Hub/Editor/2020.3.4f1/Unity.app/Contents/Managed'
Mono path[1] = '/Applications/Unity/Hub/Editor/2020.3.4f1/Unity.app/Contents/MonoBleedingEdge/lib/mono/unityjit'
Mono config path = '/Applications/Unity/Hub/Editor/2020.3.4f1/Unity.app/Contents/MonoBleedingEdge/etc'
Using monoOptions --debugger-agent=transport=dt_socket,embedding=1,server=y,suspend=n,address=127.0.0.1:56329
Begin MonoManager ReloadAssembly
Registering precompiled unity dll's ...
Register platform support module: /Applications/Unity/Hub/Editor/2020.3.4f1/Unity.app/Contents/PlaybackEngines/MacStandaloneSupport/UnityEditor.OSXStandalone.Extensions.dll
Registered in 0.002170 seconds.
Native extension for OSXStandalone target not found
Refreshing native plugins compatible for Editor in 25.79 ms, found 1 plugins.
Preloading 0 native plugins for Editor in 0.00 ms.
Mono: successfully reloaded assembly
- Completed reload, in  2.472 seconds
Platform modules already initialized, skipping
Registering precompiled user dll's ...
Registered in 0.000687 seconds.
Begin MonoManager ReloadAssembly
Native extension for OSXStandalone target not found
Refreshing native plugins compatible for Editor in 25.13 ms, found 1 plugins.
Preloading 0 native plugins for Editor in 0.00 ms.
Mono: successfully reloaded assembly
- Completed reload, in  1.594 seconds
Platform modules already initialized, skipping
========================================================================
Worker process is ready to serve import requests
Launching external process: /Applications/Unity/Hub/Editor/2020.3.4f1/Unity.app/Contents/Tools/UnityShaderCompiler
Launched and connected shader compiler UnityShaderCompiler after 0.02 seconds
Refreshing native plugins compatible for Editor in 0.27 ms, found 1 plugins.
Preloading 0 native plugins for Editor in 0.00 ms.
Unloading 1517 Unused Serialized files (Serialized files now loaded: 0)
System memory in use before: 128.5 MB.
System memory in use after: 128.6 MB.

Unloading 11 unused Assets to reduce memory usage. Loaded Objects now: 1961.
Total: 1.816708 ms (FindLiveObjects: 0.193042 ms CreateObjectMapping: 0.031083 ms MarkObjects: 1.497625 ms  DeleteObjects: 0.094041 ms)

========================================================================
Received Import Request.
  path: Assets/PlacementIndicator/DemoScene.unity
  artifactKey: Guid(a776f0f2b23b7ec48a536a6129f0bdfa) Importer(815301076,1909f56bfc062723c751e8b465ee728b)
Start importing Assets/PlacementIndicator/DemoScene.unity using Guid(a776f0f2b23b7ec48a536a6129f0bdfa) Importer(815301076,1909f56bfc062723c751e8b465ee728b)  -> (artifact id: 'ed25ee2bbd7e0b8c700af0bcbf56d0ba') in 0.015271 seconds
  Import took 0.017401 seconds .

========================================================================
Received Import Request.
  Time since last request: 49.745686 seconds.
  path: Assets/Prefabs/Rocks.prefab
  artifactKey: Guid(012844b8a94d144c8a0bf0bf29c8e5da) Importer(815301076,1909f56bfc062723c751e8b465ee728b)
Start importing Assets/Prefabs/Rocks.prefab using Guid(012844b8a94d144c8a0bf0bf29c8e5da) Importer(815301076,1909f56bfc062723c751e8b465ee728b)  -> (artifact id: 'ff4a58b1dfa16238d0b3e080344657b8') in 0.781725 seconds
  Import took 0.785138 seconds .

